nohup: ignoring input
-- Attaching packages --------------------------------------- tidyverse 1.2.1 --
v ggplot2 3.1.1     v purrr   0.3.2
v tibble  2.1.1     v dplyr   0.8.1
v tidyr   0.8.3     v stringr 1.4.0
v readr   1.3.1     v forcats 0.4.0
-- Conflicts ------------------------------------------ tidyverse_conflicts() --
x dplyr::filter() masks stats::filter()
x dplyr::lag()    masks stats::lag()
Loading splice junctions from: /data/RNAseq_PD/tissue_polyA_samples/STAR/PD115_A1B1_GM-T_SJ.out.tab 
Loading splice junctions from: /data/RNAseq_PD/tissue_polyA_samples/STAR/PD163_A1B1_GM-T_SJ.out.tab 
Loading splice junctions from: /data/RNAseq_PD/tissue_polyA_samples/STAR/PD294_P1B1_GM-T_SJ.out.tab 
Loading splice junctions from: /data/RNAseq_PD/tissue_polyA_samples/STAR/PD332_A2B1_GM-T_SJ.out.tab 
Loading splice junctions from: /data/RNAseq_PD/tissue_polyA_samples/STAR/PD341_A2B2_GM-T_SJ.out.tab 
Loading splice junctions from: /data/RNAseq_PD/tissue_polyA_samples/STAR/PD366_A2B3_GM-T_SJ.out.tab 
Loading splice junctions from: /data/RNAseq_PD/tissue_polyA_samples/STAR/PD413_A2B1_GM-T_SJ.out.tab 
Loading splice junctions from: /data/RNAseq_PD/tissue_polyA_samples/STAR/PD415_A2B2_GM-T_SJ.out.tab 
Loading splice junctions from: /data/RNAseq_PD/tissue_polyA_samples/STAR/PD416_A2D3_GM-T_SJ.out.tab 
Loading splice junctions from: /data/RNAseq_PD/tissue_polyA_samples/STAR/PD523_A2B3_GM-T_SJ.out.tab 
Loading splice junctions from: /data/RNAseq_PD/tissue_polyA_samples/STAR/PD531_A1B3_GM-T_SJ.out.tab 
Loading splice junctions from: /data/RNAseq_PD/tissue_polyA_samples/STAR/PD563_A1C1_GM-T_SJ.out.tab 
Loading splice junctions from: /data/RNAseq_PD/tissue_polyA_samples/STAR/PD566_A1B4_GM-T_SJ.out.tab 
Loading splice junctions from: /data/RNAseq_PD/tissue_polyA_samples/STAR/PD666_A1A4_GM-T_SJ.out.tab 
Loading splice junctions from: /data/RNAseq_PD/tissue_polyA_samples/STAR/PD678_A1B5_GM-T_SJ.out.tab 
Loading splice junctions from: /data/RNAseq_PD/tissue_polyA_samples/STAR/PD683_A1B5_GM-T_SJ.out.tab 
Loading splice junctions from: /data/RNAseq_PD/tissue_polyA_samples/STAR/PD706_A1A1_GM-T_SJ.out.tab 
Loading splice junctions from: /data/RNAseq_PD/tissue_polyA_samples/STAR/PD732_A2B2_GM-T_SJ.out.tab 
Loading splice junctions from: /data/RNAseq_PD/tissue_polyA_samples/STAR/PD747_A2A9_GM-T_SJ.out.tab 
Loading splice junctions from: /data/RNAseq_PD/tissue_polyA_samples/STAR/PDC05_A1A2_GM-T_SJ.out.tab 
Loading splice junctions from: /data/RNAseq_PD/tissue_polyA_samples/STAR/PDC22_A1E3_GM-T_SJ.out.tab 
Loading splice junctions from: /data/RNAseq_PD/tissue_polyA_samples/STAR/PDC34_A1B3_GM-T_SJ.out.tab 
Loading splice junctions from: /data/RNAseq_PD/tissue_polyA_samples/STAR/PDC87_A1A4_GM-T_SJ.out.tab 
Loading splice junctions from: /data/RNAseq_PD/tissue_polyA_samples/STAR/PDC91_A1B4_GM-T_SJ.out.tab 
No filter set; no filtering occurring.
Writing file to: /data/RNAseq_PD/tissue_polyA_samples/STAR 
