nohup: ignoring input
-- Attaching packages --------------------------------------- tidyverse 1.3.0 --
v ggplot2 3.3.2     v purrr   0.3.4
v tibble  3.0.3     v dplyr   1.0.2
v tidyr   1.1.1     v stringr 1.4.0
v readr   1.3.1     v forcats 0.5.0
-- Conflicts ------------------------------------------ tidyverse_conflicts() --
x dplyr::filter() masks stats::filter()
x dplyr::lag()    masks stats::lag()
[1] "Performing leafcutter differential splicing using the group file entitled: Control_vs_DLB"
Loading required package: Rcpp
Loading counts from /home/rreynolds/projects/Aim2_PDsequencing_wd/results/leafcutter/intron_clustering/tissue_polyA_test_diseasegroups_perind_numers.counts.gz 
Loading metadata from /home/rreynolds/projects/Aim2_PDsequencing_wd/results/leafcutter/diff_splicing_PCaxes/group_files//Control_vs_DLB_group_file.txt 
Encoding as Control =0, DLB =1
Loading required package: doMC
Loading required package: foreach
Loading required package: iterators
Loading required package: parallel
Settings:
$output_prefix
[1] "/home/rreynolds/projects/Aim2_PDsequencing_wd/results/leafcutter/diff_splicing_PCaxes//Control_vs_DLB"

$max_cluster_size
[1] Inf

$min_samples_per_intron
[1] 5

$min_samples_per_group
[1] 3

$min_coverage
[1] 20

$timeout
[1] 30

$num_threads
[1] 15

$exon_file
[1] "/data/references/ensembl/gtf_gff3/v97/leafcutter/Homo_sapiens.GRCh38.97_LC_exon_file.txt.gz"

$init
[1] "smart"

$seed
[1] 12345

$help
[1] FALSE

Running differential splicing analysis...
Differential splicing summary:
                                                                 statuses  Freq
1                     <2 introns used in >=min_samples_per_intron samples  2296
2                                              <=1 sample with coverage>0     6
3                                   <=1 sample with coverage>min_coverage  4805
4 Error in sampler$call_sampler(c(args, dotlist)): Initialization failed.     5
5                                                Not enough valid samples  6894
6                                                                 Success 29538
Saving results...
Loading exons from /data/references/ensembl/gtf_gff3/v97/leafcutter/Homo_sapiens.GRCh38.97_LC_exon_file.txt.gz 
All done, exiting
[1] "Performing leafcutter differential splicing using the group file entitled: Control_vs_PDD"
Loading required package: Rcpp
Loading counts from /home/rreynolds/projects/Aim2_PDsequencing_wd/results/leafcutter/intron_clustering/tissue_polyA_test_diseasegroups_perind_numers.counts.gz 
Loading metadata from /home/rreynolds/projects/Aim2_PDsequencing_wd/results/leafcutter/diff_splicing_PCaxes/group_files//Control_vs_PDD_group_file.txt 
Encoding as Control =0, PDD =1
Loading required package: doMC
Loading required package: foreach
Loading required package: iterators
Loading required package: parallel
Settings:
$output_prefix
[1] "/home/rreynolds/projects/Aim2_PDsequencing_wd/results/leafcutter/diff_splicing_PCaxes//Control_vs_PDD"

$max_cluster_size
[1] Inf

$min_samples_per_intron
[1] 5

$min_samples_per_group
[1] 3

$min_coverage
[1] 20

$timeout
[1] 30

$num_threads
[1] 15

$exon_file
[1] "/data/references/ensembl/gtf_gff3/v97/leafcutter/Homo_sapiens.GRCh38.97_LC_exon_file.txt.gz"

$init
[1] "smart"

$seed
[1] 12345

$help
[1] FALSE

Running differential splicing analysis...
Differential splicing summary:
                                             statuses  Freq
1 <2 introns used in >=min_samples_per_intron samples   809
2                          <=1 sample with coverage>0     3
3               <=1 sample with coverage>min_coverage  3901
4                            Not enough valid samples  4470
5                                             Success 34361
Saving results...
Loading exons from /data/references/ensembl/gtf_gff3/v97/leafcutter/Homo_sapiens.GRCh38.97_LC_exon_file.txt.gz 
All done, exiting
[1] "Performing leafcutter differential splicing using the group file entitled: Control_vs_PD"
Loading required package: Rcpp
Loading counts from /home/rreynolds/projects/Aim2_PDsequencing_wd/results/leafcutter/intron_clustering/tissue_polyA_test_diseasegroups_perind_numers.counts.gz 
Loading metadata from /home/rreynolds/projects/Aim2_PDsequencing_wd/results/leafcutter/diff_splicing_PCaxes/group_files//Control_vs_PD_group_file.txt 
Encoding as Control =0, PD =1
Loading required package: doMC
Loading required package: foreach
Loading required package: iterators
Loading required package: parallel
Settings:
$output_prefix
[1] "/home/rreynolds/projects/Aim2_PDsequencing_wd/results/leafcutter/diff_splicing_PCaxes//Control_vs_PD"

$max_cluster_size
[1] Inf

$min_samples_per_intron
[1] 5

$min_samples_per_group
[1] 3

$min_coverage
[1] 20

$timeout
[1] 30

$num_threads
[1] 15

$exon_file
[1] "/data/references/ensembl/gtf_gff3/v97/leafcutter/Homo_sapiens.GRCh38.97_LC_exon_file.txt.gz"

$init
[1] "smart"

$seed
[1] 12345

$help
[1] FALSE

Running differential splicing analysis...
Differential splicing summary:
                                             statuses  Freq
1 <2 introns used in >=min_samples_per_intron samples   357
2                          <=1 sample with coverage>0     2
3               <=1 sample with coverage>min_coverage  3483
4                            Not enough valid samples  4289
5                                             Success 35413
Saving results...
Loading exons from /data/references/ensembl/gtf_gff3/v97/leafcutter/Homo_sapiens.GRCh38.97_LC_exon_file.txt.gz 
All done, exiting
[1] "Performing leafcutter differential splicing using the group file entitled: PDD_vs_DLB"
Loading required package: Rcpp
Loading counts from /home/rreynolds/projects/Aim2_PDsequencing_wd/results/leafcutter/intron_clustering/tissue_polyA_test_diseasegroups_perind_numers.counts.gz 
Loading metadata from /home/rreynolds/projects/Aim2_PDsequencing_wd/results/leafcutter/diff_splicing_PCaxes/group_files//PDD_vs_DLB_group_file.txt 
Encoding as PDD =0, DLB =1
Loading required package: doMC
Loading required package: foreach
Loading required package: iterators
Loading required package: parallel
Settings:
$output_prefix
[1] "/home/rreynolds/projects/Aim2_PDsequencing_wd/results/leafcutter/diff_splicing_PCaxes//PDD_vs_DLB"

$max_cluster_size
[1] Inf

$min_samples_per_intron
[1] 5

$min_samples_per_group
[1] 3

$min_coverage
[1] 20

$timeout
[1] 30

$num_threads
[1] 15

$exon_file
[1] "/data/references/ensembl/gtf_gff3/v97/leafcutter/Homo_sapiens.GRCh38.97_LC_exon_file.txt.gz"

$init
[1] "smart"

$seed
[1] 12345

$help
[1] FALSE

Running differential splicing analysis...
Differential splicing summary:
                                                                 statuses  Freq
1                     <2 introns used in >=min_samples_per_intron samples  2164
2                                              <=1 sample with coverage>0     6
3                                   <=1 sample with coverage>min_coverage  4981
4 Error in sampler$call_sampler(c(args, dotlist)): Initialization failed.     5
5                                                Not enough valid samples  6576
6                                                                 Success 29812
Saving results...
Loading exons from /data/references/ensembl/gtf_gff3/v97/leafcutter/Homo_sapiens.GRCh38.97_LC_exon_file.txt.gz 
All done, exiting
[1] "Performing leafcutter differential splicing using the group file entitled: PD_vs_DLB"
Loading required package: Rcpp
Loading counts from /home/rreynolds/projects/Aim2_PDsequencing_wd/results/leafcutter/intron_clustering/tissue_polyA_test_diseasegroups_perind_numers.counts.gz 
Loading metadata from /home/rreynolds/projects/Aim2_PDsequencing_wd/results/leafcutter/diff_splicing_PCaxes/group_files//PD_vs_DLB_group_file.txt 
Encoding as PD =0, DLB =1
Loading required package: doMC
Loading required package: foreach
Loading required package: iterators
Loading required package: parallel
Settings:
$output_prefix
[1] "/home/rreynolds/projects/Aim2_PDsequencing_wd/results/leafcutter/diff_splicing_PCaxes//PD_vs_DLB"

$max_cluster_size
[1] Inf

$min_samples_per_intron
[1] 5

$min_samples_per_group
[1] 3

$min_coverage
[1] 20

$timeout
[1] 30

$num_threads
[1] 15

$exon_file
[1] "/data/references/ensembl/gtf_gff3/v97/leafcutter/Homo_sapiens.GRCh38.97_LC_exon_file.txt.gz"

$init
[1] "smart"

$seed
[1] 12345

$help
[1] FALSE

Running differential splicing analysis...
Differential splicing summary:
                                                                 statuses  Freq
1                     <2 introns used in >=min_samples_per_intron samples   787
2                                              <=1 sample with coverage>0     2
3                                   <=1 sample with coverage>min_coverage  4013
4 Error in sampler$call_sampler(c(args, dotlist)): Initialization failed.     5
5                                                Not enough valid samples  8046
6                                                                 Success 30691
Saving results...
Loading exons from /data/references/ensembl/gtf_gff3/v97/leafcutter/Homo_sapiens.GRCh38.97_LC_exon_file.txt.gz 
All done, exiting
[1] "Performing leafcutter differential splicing using the group file entitled: PD_vs_PDD"
Loading required package: Rcpp
Loading counts from /home/rreynolds/projects/Aim2_PDsequencing_wd/results/leafcutter/intron_clustering/tissue_polyA_test_diseasegroups_perind_numers.counts.gz 
Loading metadata from /home/rreynolds/projects/Aim2_PDsequencing_wd/results/leafcutter/diff_splicing_PCaxes/group_files//PD_vs_PDD_group_file.txt 
Encoding as PD =0, PDD =1
Loading required package: doMC
Loading required package: foreach
Loading required package: iterators
Loading required package: parallel
Settings:
$output_prefix
[1] "/home/rreynolds/projects/Aim2_PDsequencing_wd/results/leafcutter/diff_splicing_PCaxes//PD_vs_PDD"

$max_cluster_size
[1] Inf

$min_samples_per_intron
[1] 5

$min_samples_per_group
[1] 3

$min_coverage
[1] 20

$timeout
[1] 30

$num_threads
[1] 15

$exon_file
[1] "/data/references/ensembl/gtf_gff3/v97/leafcutter/Homo_sapiens.GRCh38.97_LC_exon_file.txt.gz"

$init
[1] "smart"

$seed
[1] 12345

$help
[1] FALSE

Running differential splicing analysis...
Differential splicing summary:
                                                                 statuses  Freq
1                     <2 introns used in >=min_samples_per_intron samples   257
2                                              <=1 sample with coverage>0     1
3                                   <=1 sample with coverage>min_coverage  3481
4 Error in sampler$call_sampler(c(args, dotlist)): Initialization failed.     1
5                                                Not enough valid samples  4236
6                                                                 Success 35568
Saving results...
Loading exons from /data/references/ensembl/gtf_gff3/v97/leafcutter/Homo_sapiens.GRCh38.97_LC_exon_file.txt.gz 
All done, exiting
